2017-10-17 23:07:23,305 INFO [org.quartz.impl.StdSchedulerFactory] - Using default implementation for ThreadExecutor
2017-10-17 23:07:23,319 INFO [org.quartz.core.SchedulerSignalerImpl] - Initialized Scheduler Signaller of type: class org.quartz.core.SchedulerSignalerImpl
2017-10-17 23:07:23,319 INFO [org.quartz.core.QuartzScheduler] - Quartz Scheduler v.2.3.0 created.
2017-10-17 23:07:23,320 INFO [org.quartz.simpl.RAMJobStore] - RAMJobStore initialized.
2017-10-17 23:07:23,321 INFO [org.quartz.core.QuartzScheduler] - Scheduler meta-data: Quartz Scheduler (v2.3.0) 'scheduleFactory' with instanceId 'NON_CLUSTERED'
  Scheduler class: 'org.quartz.core.QuartzScheduler' - running locally.
  NOT STARTED.
  Currently in standby mode.
  Number of jobs executed: 0
  Using thread pool 'org.quartz.simpl.SimpleThreadPool' - with 10 threads.
  Using job-store 'org.quartz.simpl.RAMJobStore' - which does not support persistence. and is not clustered.

2017-10-17 23:07:23,322 INFO [org.quartz.impl.StdSchedulerFactory] - Quartz scheduler 'scheduleFactory' initialized from an externally provided properties instance.
2017-10-17 23:07:23,322 INFO [org.quartz.impl.StdSchedulerFactory] - Quartz scheduler version: 2.3.0
2017-10-17 23:07:23,323 INFO [org.quartz.core.QuartzScheduler] - JobFactory set to: org.springframework.scheduling.quartz.AdaptableJobFactory@6cc4cdb9
2017-10-17 23:07:23,371 INFO [org.quartz.core.QuartzScheduler] - Scheduler scheduleFactory_$_NON_CLUSTERED started.
2017-10-17 23:37:54,925 INFO [org.quartz.impl.StdSchedulerFactory] - Using default implementation for ThreadExecutor
2017-10-17 23:37:54,942 INFO [org.quartz.core.SchedulerSignalerImpl] - Initialized Scheduler Signaller of type: class org.quartz.core.SchedulerSignalerImpl
2017-10-17 23:37:54,942 INFO [org.quartz.core.QuartzScheduler] - Quartz Scheduler v.2.3.0 created.
2017-10-17 23:37:54,944 INFO [org.quartz.simpl.RAMJobStore] - RAMJobStore initialized.
2017-10-17 23:37:54,948 INFO [org.quartz.core.QuartzScheduler] - Scheduler meta-data: Quartz Scheduler (v2.3.0) 'scheduleFactory' with instanceId 'NON_CLUSTERED'
  Scheduler class: 'org.quartz.core.QuartzScheduler' - running locally.
  NOT STARTED.
  Currently in standby mode.
  Number of jobs executed: 0
  Using thread pool 'org.quartz.simpl.SimpleThreadPool' - with 10 threads.
  Using job-store 'org.quartz.simpl.RAMJobStore' - which does not support persistence. and is not clustered.

2017-10-17 23:37:54,948 INFO [org.quartz.impl.StdSchedulerFactory] - Quartz scheduler 'scheduleFactory' initialized from an externally provided properties instance.
2017-10-17 23:37:54,948 INFO [org.quartz.impl.StdSchedulerFactory] - Quartz scheduler version: 2.3.0
2017-10-17 23:37:54,950 INFO [org.quartz.core.QuartzScheduler] - JobFactory set to: org.springframework.scheduling.quartz.AdaptableJobFactory@6cc4cdb9
2017-10-17 23:37:54,995 INFO [org.quartz.core.QuartzScheduler] - Scheduler scheduleFactory_$_NON_CLUSTERED started.
2017-10-17 23:39:38,110 INFO [org.quartz.impl.StdSchedulerFactory] - Using default implementation for ThreadExecutor
2017-10-17 23:39:38,125 INFO [org.quartz.core.SchedulerSignalerImpl] - Initialized Scheduler Signaller of type: class org.quartz.core.SchedulerSignalerImpl
2017-10-17 23:39:38,126 INFO [org.quartz.core.QuartzScheduler] - Quartz Scheduler v.2.3.0 created.
2017-10-17 23:39:38,127 INFO [org.quartz.simpl.RAMJobStore] - RAMJobStore initialized.
2017-10-17 23:39:38,129 INFO [org.quartz.core.QuartzScheduler] - Scheduler meta-data: Quartz Scheduler (v2.3.0) 'scheduleFactory' with instanceId 'NON_CLUSTERED'
  Scheduler class: 'org.quartz.core.QuartzScheduler' - running locally.
  NOT STARTED.
  Currently in standby mode.
  Number of jobs executed: 0
  Using thread pool 'org.quartz.simpl.SimpleThreadPool' - with 10 threads.
  Using job-store 'org.quartz.simpl.RAMJobStore' - which does not support persistence. and is not clustered.

2017-10-17 23:39:38,129 INFO [org.quartz.impl.StdSchedulerFactory] - Quartz scheduler 'scheduleFactory' initialized from an externally provided properties instance.
2017-10-17 23:39:38,129 INFO [org.quartz.impl.StdSchedulerFactory] - Quartz scheduler version: 2.3.0
2017-10-17 23:39:38,131 INFO [org.quartz.core.QuartzScheduler] - JobFactory set to: org.springframework.scheduling.quartz.AdaptableJobFactory@6cc4cdb9
2017-10-17 23:39:38,183 INFO [org.quartz.core.QuartzScheduler] - Scheduler scheduleFactory_$_NON_CLUSTERED started.
2017-10-17 23:51:08,303 INFO [org.quartz.impl.StdSchedulerFactory] - Using default implementation for ThreadExecutor
2017-10-17 23:51:08,323 INFO [org.quartz.core.SchedulerSignalerImpl] - Initialized Scheduler Signaller of type: class org.quartz.core.SchedulerSignalerImpl
2017-10-17 23:51:08,323 INFO [org.quartz.core.QuartzScheduler] - Quartz Scheduler v.2.3.0 created.
2017-10-17 23:51:08,325 INFO [org.quartz.simpl.RAMJobStore] - RAMJobStore initialized.
2017-10-17 23:51:08,326 INFO [org.quartz.core.QuartzScheduler] - Scheduler meta-data: Quartz Scheduler (v2.3.0) 'scheduleFactory' with instanceId 'NON_CLUSTERED'
  Scheduler class: 'org.quartz.core.QuartzScheduler' - running locally.
  NOT STARTED.
  Currently in standby mode.
  Number of jobs executed: 0
  Using thread pool 'org.quartz.simpl.SimpleThreadPool' - with 10 threads.
  Using job-store 'org.quartz.simpl.RAMJobStore' - which does not support persistence. and is not clustered.

2017-10-17 23:51:08,326 INFO [org.quartz.impl.StdSchedulerFactory] - Quartz scheduler 'scheduleFactory' initialized from an externally provided properties instance.
2017-10-17 23:51:08,326 INFO [org.quartz.impl.StdSchedulerFactory] - Quartz scheduler version: 2.3.0
2017-10-17 23:51:08,328 INFO [org.quartz.core.QuartzScheduler] - JobFactory set to: org.springframework.scheduling.quartz.AdaptableJobFactory@3b6d844d
2017-10-17 23:51:38,484 INFO [org.quartz.impl.StdSchedulerFactory] - Using default implementation for ThreadExecutor
2017-10-17 23:51:38,503 INFO [org.quartz.core.SchedulerSignalerImpl] - Initialized Scheduler Signaller of type: class org.quartz.core.SchedulerSignalerImpl
2017-10-17 23:51:38,503 INFO [org.quartz.core.QuartzScheduler] - Quartz Scheduler v.2.3.0 created.
2017-10-17 23:51:38,504 INFO [org.quartz.simpl.RAMJobStore] - RAMJobStore initialized.
2017-10-17 23:51:38,505 INFO [org.quartz.core.QuartzScheduler] - Scheduler meta-data: Quartz Scheduler (v2.3.0) 'scheduleFactory' with instanceId 'NON_CLUSTERED'
  Scheduler class: 'org.quartz.core.QuartzScheduler' - running locally.
  NOT STARTED.
  Currently in standby mode.
  Number of jobs executed: 0
  Using thread pool 'org.quartz.simpl.SimpleThreadPool' - with 10 threads.
  Using job-store 'org.quartz.simpl.RAMJobStore' - which does not support persistence. and is not clustered.

2017-10-17 23:51:38,505 INFO [org.quartz.impl.StdSchedulerFactory] - Quartz scheduler 'scheduleFactory' initialized from an externally provided properties instance.
2017-10-17 23:51:38,505 INFO [org.quartz.impl.StdSchedulerFactory] - Quartz scheduler version: 2.3.0
2017-10-17 23:51:38,507 INFO [org.quartz.core.QuartzScheduler] - JobFactory set to: org.springframework.scheduling.quartz.AdaptableJobFactory@3b6d844d
2017-10-17 23:55:21,991 INFO [org.quartz.impl.StdSchedulerFactory] - Using default implementation for ThreadExecutor
2017-10-17 23:55:22,006 INFO [org.quartz.core.SchedulerSignalerImpl] - Initialized Scheduler Signaller of type: class org.quartz.core.SchedulerSignalerImpl
2017-10-17 23:55:22,006 INFO [org.quartz.core.QuartzScheduler] - Quartz Scheduler v.2.3.0 created.
2017-10-17 23:55:22,007 INFO [org.quartz.simpl.RAMJobStore] - RAMJobStore initialized.
2017-10-17 23:55:22,009 INFO [org.quartz.core.QuartzScheduler] - Scheduler meta-data: Quartz Scheduler (v2.3.0) 'scheduleFactory' with instanceId 'NON_CLUSTERED'
  Scheduler class: 'org.quartz.core.QuartzScheduler' - running locally.
  NOT STARTED.
  Currently in standby mode.
  Number of jobs executed: 0
  Using thread pool 'org.quartz.simpl.SimpleThreadPool' - with 10 threads.
  Using job-store 'org.quartz.simpl.RAMJobStore' - which does not support persistence. and is not clustered.

2017-10-17 23:55:22,009 INFO [org.quartz.impl.StdSchedulerFactory] - Quartz scheduler 'scheduleFactory' initialized from an externally provided properties instance.
2017-10-17 23:55:22,009 INFO [org.quartz.impl.StdSchedulerFactory] - Quartz scheduler version: 2.3.0
2017-10-17 23:55:22,011 INFO [org.quartz.core.QuartzScheduler] - JobFactory set to: org.springframework.scheduling.quartz.AdaptableJobFactory@730d2164
2017-10-17 23:55:22,067 INFO [org.quartz.core.QuartzScheduler] - Scheduler scheduleFactory_$_NON_CLUSTERED started.
